@storybook/cli v7.0.4

info => Cleaning outputDir: /var/folders/_9/4pqw7vzd6_98vk0p3_l203y40000gn/T/chromatic--28463-753pLHSFlJ2c
info => Loading presets
info => Building manager..
info => Manager built (250 ms)
info => Compiling preview..
info => Copying static files: /Users/des/Documents/anydayessay/npx/node_modules/@storybook/manager/static at /var/folders/_9/4pqw7vzd6_98vk0p3_l203y40000gn/T/chromatic--28463-753pLHSFlJ2c/sb-common-assets
info Addon-docs: using MDX2
info => Loading Webpack configuration from `node_modules/react-scripts`
info => Removing existing JavaScript and TypeScript rules.
info => Modifying Create React App rules.
info => Using default Webpack5 setup
<s> [webpack.Progress] 0% 

<s> [webpack.Progress] 1% setup before run
<s> [webpack.Progress] 1% setup before run NodeEnvironmentPlugin
<s> [webpack.Progress] 1% setup before run
<s> [webpack.Progress] 2% setup run
<s> [webpack.Progress] 2% setup run ESLintWebpackPlugin_1
<s> [webpack.Progress] 2% setup run
<s> [webpack.Progress] 4% setup normal module factory
<s> [webpack.Progress] 4% setup normal module factory CaseSensitivePathsPlugin
<s> [webpack.Progress] 4% setup normal module factory ModuleNotFoundPlugin
<s> [webpack.Progress] 4% setup normal module factory IgnorePlugin
<s> [webpack.Progress] 4% setup normal module factory
<s> [webpack.Progress] 5% setup context module factory
<s> [webpack.Progress] 5% setup context module factory IgnorePlugin
<s> [webpack.Progress] 5% setup context module factory
<s> [webpack.Progress] 6% setup before compile
<s> [webpack.Progress] 6% setup before compile ProgressPlugin
<s> [webpack.Progress] 6% setup before compile
<s> [webpack.Progress] 7% setup compile
<s> [webpack.Progress] 7% setup compile ExternalsPlugin
<s> [webpack.Progress] 7% setup compile ExternalsPlugin
<s> [webpack.Progress] 7% setup compile
<s> [webpack.Progress] 8% setup compilation
<s> [webpack.Progress] 8% setup compilation unplugin-csf
<s> [webpack.Progress] 8% setup compilation mini-css-extract-plugin
<s> [webpack.Progress] 8% setup compilation ArrayPushCallbackChunkFormatPlugin
<s> [webpack.Progress] 8% setup compilation JsonpChunkLoadingPlugin
<s> [webpack.Progress] 8% setup compilation StartupChunkDependenciesPlugin
<s> [webpack.Progress] 8% setup compilation ImportScriptsChunkLoadingPlugin
<s> [webpack.Progress] 8% setup compilation FetchCompileWasmPlugin
<s> [webpack.Progress] 8% setup compilation FetchCompileAsyncWasmPlugin
<s> [webpack.Progress] 8% setup compilation WorkerPlugin
<s> [webpack.Progress] 8% setup compilation SplitChunksPlugin
<s> [webpack.Progress] 8% setup compilation RuntimeChunkPlugin
<s> [webpack.Progress] 8% setup compilation ResolverCachePlugin
<s> [webpack.Progress] 8% setup compilation HtmlWebpackPlugin
<s> [webpack.Progress] 8% setup compilation
<s> [webpack.Progress] 9% setup compilation
<s> [webpack.Progress] 9% setup compilation DefinePlugin
<s> [webpack.Progress] 9% setup compilation ProvidePlugin
<s> [webpack.Progress] 9% setup compilation ProgressPlugin
<s> [webpack.Progress] 9% setup compilation InlineChunkHtmlPlugin
<s> [webpack.Progress] 9% setup compilation InterpolateHtmlPlugin
<s> [webpack.Progress] 9% setup compilation mini-css-extract-plugin
<s> [webpack.Progress] 9% setup compilation DocGenPlugin
<s> [webpack.Progress] 9% setup compilation ChunkPrefetchPreloadPlugin
<s> [webpack.Progress] 9% setup compilation SourceMapDevToolPlugin
<s> [webpack.Progress] 9% setup compilation JavascriptModulesPlugin
<s> [webpack.Progress] 9% setup compilation JsonModulesPlugin
<s> [webpack.Progress] 9% setup compilation AssetModulesPlugin
<s> [webpack.Progress] 9% setup compilation EntryPlugin
<s> [webpack.Progress] 9% setup compilation RuntimePlugin
<s> [webpack.Progress] 9% setup compilation InferAsyncModulesPlugin
<s> [webpack.Progress] 9% setup compilation DataUriPlugin
<s> [webpack.Progress] 9% setup compilation FileUriPlugin
<s> [webpack.Progress] 9% setup compilation CompatibilityPlugin
<s> [webpack.Progress] 9% setup compilation HarmonyModulesPlugin
<s> [webpack.Progress] 9% setup compilation AMDPlugin
<s> [webpack.Progress] 9% setup compilation RequireJsStuffPlugin
<s> [webpack.Progress] 9% setup compilation CommonJsPlugin
<s> [webpack.Progress] 9% setup compilation LoaderPlugin
<s> [webpack.Progress] 9% setup compilation LoaderPlugin
<s> [webpack.Progress] 9% setup compilation NodeStuffPlugin
<s> [webpack.Progress] 9% setup compilation APIPlugin
<s> [webpack.Progress] 9% setup compilation ExportsInfoApiPlugin
<s> [webpack.Progress] 9% setup compilation WebpackIsIncludedPlugin
<s> [webpack.Progress] 9% setup compilation ConstPlugin
<s> [webpack.Progress] 9% setup compilation UseStrictPlugin
<s> [webpack.Progress] 9% setup compilation RequireIncludePlugin
<s> [webpack.Progress] 9% setup compilation RequireEnsurePlugin
<s> [webpack.Progress] 9% setup compilation RequireContextPlugin
<s> [webpack.Progress] 9% setup compilation ImportPlugin
<s> [webpack.Progress] 9% setup compilation ImportMetaContextPlugin
<s> [webpack.Progress] 9% setup compilation SystemPlugin
<s> [webpack.Progress] 9% setup compilation ImportMetaPlugin
<s> [webpack.Progress] 9% setup compilation URLPlugin
<s> [webpack.Progress] 9% setup compilation DefaultStatsFactoryPlugin
<s> [webpack.Progress] 9% setup compilation DefaultStatsPresetPlugin
<s> [webpack.Progress] 9% setup compilation DefaultStatsPrinterPlugin
<s> [webpack.Progress] 9% setup compilation JavascriptMetaInfoPlugin
<s> [webpack.Progress] 9% setup compilation EnsureChunkConditionsPlugin
<s> [webpack.Progress] 9% setup compilation RemoveEmptyChunksPlugin
<s> [webpack.Progress] 9% setup compilation MergeDuplicateChunksPlugin
<s> [webpack.Progress] 9% setup compilation FlagIncludedChunksPlugin
<s> [webpack.Progress] 9% setup compilation SideEffectsFlagPlugin
<s> [webpack.Progress] 9% setup compilation FlagDependencyExportsPlugin
<s> [webpack.Progress] 9% setup compilation FlagDependencyUsagePlugin
<s> [webpack.Progress] 9% setup compilation InnerGraphPlugin
<s> [webpack.Progress] 9% setup compilation MangleExportsPlugin
<s> [webpack.Progress] 9% setup compilation ModuleConcatenationPlugin
<s> [webpack.Progress] 9% setup compilation NoEmitOnErrorsPlugin
<s> [webpack.Progress] 9% setup compilation RealContentHashPlugin
<s> [webpack.Progress] 9% setup compilation WasmFinalizeExportsPlugin
<s> [webpack.Progress] 9% setup compilation NamedModuleIdsPlugin
<s> [webpack.Progress] 9% setup compilation DeterministicChunkIdsPlugin
<s> [webpack.Progress] 9% setup compilation DefinePlugin
<s> [webpack.Progress] 9% setup compilation TerserPlugin
<s> [webpack.Progress] 9% setup compilation TemplatedPathPlugin
<s> [webpack.Progress] 9% setup compilation RecordIdsPlugin
<s> [webpack.Progress] 9% setup compilation WarnCaseSensitiveModulesPlugin
<s> [webpack.Progress] 9% setup compilation IgnoreWarningsPlugin
<s> [webpack.Progress] 9% setup compilation ESLintWebpackPlugin_1
<s> [webpack.Progress] 9% setup compilation
<s> [webpack.Progress] 10% building
<s> [webpack.Progress] 10% building 0/1 entries 0/0 dependencies 0/0 modules
<s> [webpack.Progress] 24% building import loader ./node_modules/babel-loader/lib/index.js
<s> [webpack.Progress] 24% building import loader ./node_modules/source-map-loader/dist/cjs.js
<s> [webpack.Progress] 24% building 0/1 entries 11/25 dependencies 3/11 modules
info => Copying static files: /Users/des/Documents/anydayessay/npx/public at /var/folders/_9/4pqw7vzd6_98vk0p3_l203y40000gn/T/chromatic--28463-753pLHSFlJ2c/
<s> [webpack.Progress] 18% building import loader ./node_modules/@storybook/mdx2-csf/loader.js
<s> [webpack.Progress] 18% building 0/1 entries 27/41 dependencies 4/25 modules
<s> [webpack.Progress] 25% building import loader ./node_modules/unplugin/dist/webpack/loaders/transform.js
<s> [webpack.Progress] 25% building 0/1 entries 41/76 dependencies 9/31 modules
<s> [webpack.Progress] 21% building import loader ./node_modules/@svgr/webpack/lib/index.js
<s> [webpack.Progress] 21% building import loader ./node_modules/file-loader/dist/cjs.js
<s> [webpack.Progress] 21% building 0/1 entries 65/87 dependencies 11/52 modules
<s> [webpack.Progress] 36% building 0/1 entries 134/169 dependencies 41/84 modules
<s> [webpack.Progress] 34% building import loader ./node_modules/mini-css-extract-plugin/dist/loader.js
<s> [webpack.Progress] 34% building import loader ./node_modules/css-loader/dist/cjs.js
<s> [webpack.Progress] 34% building import loader ./node_modules/postcss-loader/dist/cjs.js
<s> [webpack.Progress] 34% building 0/1 entries 198/231 dependencies 51/114 modules
<s> [webpack.Progress] 27% building 0/1 entries 300/351 dependencies 59/185 modules
<s> [webpack.Progress] 37% building 0/1 entries 600/688 dependencies 146/290 modules
<s> [webpack.Progress] 42% building 0/1 entries 728/750 dependencies 200/334 modules
<s> [webpack.Progress] 57% building 0/1 entries 1074/1086 dependencies 400/461 modules
<s> [webpack.Progress] 65% building 1/1 entries 1440/1440 dependencies 670/670 modules
<s> [webpack.Progress] 65% building
<s> [webpack.Progress] 69% building finish
<s> [webpack.Progress] 69% building finish
<s> [webpack.Progress] 70% sealing finish module graph
<s> [webpack.Progress] 70% sealing finish module graph ResolverCachePlugin
<s> [webpack.Progress] 70% sealing finish module graph InferAsyncModulesPlugin
<s> [webpack.Progress] 70% sealing finish module graph FlagDependencyExportsPlugin
<s> [webpack.Progress] 70% sealing finish module graph InnerGraphPlugin
<s> [webpack.Progress] 70% sealing finish module graph WasmFinalizeExportsPlugin
<s> [webpack.Progress] 70% sealing finish module graph ESLintWebpackPlugin_1
<s> [webpack.Progress] 70% sealing finish module graph
<s> [webpack.Progress] 70% sealing plugins
<s> [webpack.Progress] 70% sealing plugins DocGenPlugin
<s> [webpack.Progress] 70% sealing plugins WarnCaseSensitiveModulesPlugin
<s> [webpack.Progress] 70% sealing plugins
<s> [webpack.Progress] 71% sealing dependencies optimization
<s> [webpack.Progress] 71% sealing dependencies optimization SideEffectsFlagPlugin
<s> [webpack.Progress] 71% sealing dependencies optimization FlagDependencyUsagePlugin
<s> [webpack.Progress] 71% sealing dependencies optimization
<s> [webpack.Progress] 71% sealing after dependencies optimization
<s> [webpack.Progress] 71% sealing after dependencies optimization
<s> [webpack.Progress] 72% sealing chunk graph
<s> [webpack.Progress] 72% sealing chunk graph
<s> [webpack.Progress] 73% sealing after chunk graph
<s> [webpack.Progress] 73% sealing after chunk graph
<s> [webpack.Progress] 73% sealing optimizing
<s> [webpack.Progress] 73% sealing optimizing
<s> [webpack.Progress] 74% sealing module optimization
<s> [webpack.Progress] 74% sealing module optimization
<s> [webpack.Progress] 75% sealing after module optimization
<s> [webpack.Progress] 75% sealing after module optimization
<s> [webpack.Progress] 75% sealing chunk optimization
<s> [webpack.Progress] 75% sealing chunk optimization EnsureChunkConditionsPlugin
<s> [webpack.Progress] 75% sealing chunk optimization RemoveEmptyChunksPlugin
<s> [webpack.Progress] 75% sealing chunk optimization MergeDuplicateChunksPlugin
<s> [webpack.Progress] 75% sealing chunk optimization SplitChunksPlugin
<s> [webpack.Progress] 75% sealing chunk optimization RemoveEmptyChunksPlugin
<s> [webpack.Progress] 75% sealing chunk optimization
<s> [webpack.Progress] 76% sealing after chunk optimization
<s> [webpack.Progress] 76% sealing after chunk optimization
<s> [webpack.Progress] 77% sealing module and chunk tree optimization
<s> [webpack.Progress] 77% sealing module and chunk tree optimization PersistentChildCompilerSingletonPlugin
<s> [webpack.Progress] 77% sealing module and chunk tree optimization
<s> [webpack.Progress] 77% sealing after module and chunk tree optimization
<s> [webpack.Progress] 77% sealing after module and chunk tree optimization
<s> [webpack.Progress] 78% sealing chunk modules optimization
<s> [webpack.Progress] 78% sealing chunk modules optimization ModuleConcatenationPlugin
<s> [webpack.Progress] 78% sealing chunk modules optimization
<s> [webpack.Progress] 78% sealing after chunk modules optimization
<s> [webpack.Progress] 78% sealing after chunk modules optimization
<s> [webpack.Progress] 79% sealing module reviving
<s> [webpack.Progress] 79% sealing module reviving RecordIdsPlugin
<s> [webpack.Progress] 79% sealing module reviving
<s> [webpack.Progress] 80% sealing before module ids
<s> [webpack.Progress] 80% sealing before module ids
<s> [webpack.Progress] 80% sealing module ids
<s> [webpack.Progress] 80% sealing module ids NamedModuleIdsPlugin
<s> [webpack.Progress] 80% sealing module ids
<s> [webpack.Progress] 81% sealing module id optimization
<s> [webpack.Progress] 81% sealing module id optimization
<s> [webpack.Progress] 82% sealing module id optimization
<s> [webpack.Progress] 82% sealing module id optimization
<s> [webpack.Progress] 82% sealing chunk reviving
<s> [webpack.Progress] 82% sealing chunk reviving RecordIdsPlugin
<s> [webpack.Progress] 82% sealing chunk reviving
<s> [webpack.Progress] 83% sealing before chunk ids
<s> [webpack.Progress] 83% sealing before chunk ids
<s> [webpack.Progress] 84% sealing chunk ids
<s> [webpack.Progress] 84% sealing chunk ids DeterministicChunkIdsPlugin
<s> [webpack.Progress] 84% sealing chunk ids
<s> [webpack.Progress] 84% sealing chunk id optimization
<s> [webpack.Progress] 84% sealing chunk id optimization FlagIncludedChunksPlugin
<s> [webpack.Progress] 84% sealing chunk id optimization
<s> [webpack.Progress] 85% sealing after chunk id optimization
<s> [webpack.Progress] 85% sealing after chunk id optimization
<s> [webpack.Progress] 86% sealing record modules
<s> [webpack.Progress] 86% sealing record modules RecordIdsPlugin
<s> [webpack.Progress] 86% sealing record modules
<s> [webpack.Progress] 86% sealing record chunks
<s> [webpack.Progress] 86% sealing record chunks RecordIdsPlugin
<s> [webpack.Progress] 86% sealing record chunks
<s> [webpack.Progress] 87% sealing module hashing
<s> [webpack.Progress] 87% sealing module hashing
<s> [webpack.Progress] 87% sealing code generation
<s> [webpack.Progress] 87% sealing code generation
<s> [webpack.Progress] 88% sealing runtime requirements
<s> [webpack.Progress] 88% sealing runtime requirements
<s> [webpack.Progress] 89% sealing hashing
<s> [webpack.Progress] 89% sealing hashing
<s> [webpack.Progress] 89% sealing after hashing
<s> [webpack.Progress] 89% sealing after hashing
<s> [webpack.Progress] 90% sealing record hash
<s> [webpack.Progress] 90% sealing record hash
<s> [webpack.Progress] 91% sealing module assets processing
<s> [webpack.Progress] 91% sealing module assets processing
<s> [webpack.Progress] 91% sealing chunk assets processing
<s> [webpack.Progress] 91% sealing chunk assets processing
<s> [webpack.Progress] 92% sealing asset processing
<s> [webpack.Progress] 92% sealing asset processing ESLintWebpackPlugin_1
<s> [webpack.Progress] 92% sealing asset processing PersistentChildCompilerSingletonPlugin
<s> [webpack.Progress] 92% sealing asset processing TerserPlugin
<s> [webpack.Progress] 92% sealing asset processing SourceMapDevToolPlugin
<s> [webpack.Progress] 92% sealing asset processing SourceMapDevToolPlugin
<s> [webpack.Progress] 92% sealing asset processing SourceMapDevToolPlugin main.95dc207c.iframe.bundle.js generate SourceMap
<s> [webpack.Progress] 92% sealing asset processing SourceMapDevToolPlugin main.95dc207c.iframe.bundle.js generated SourceMap
<s> [webpack.Progress] 92% sealing asset processing SourceMapDevToolPlugin runtime~main.196d5f6d.iframe.bundle.js generate SourceMap
<s> [webpack.Progress] 92% sealing asset processing SourceMapDevToolPlugin runtime~main.196d5f6d.iframe.bundle.js generated SourceMap
<s> [webpack.Progress] 92% sealing asset processing SourceMapDevToolPlugin stories-Introduction-mdx.0d63036d.iframe.bundle.js generate SourceMap
<s> [webpack.Progress] 92% sealing asset processing SourceMapDevToolPlugin stories-Introduction-mdx.0d63036d.iframe.bundle.js generated SourceMap
<s> [webpack.Progress] 92% sealing asset processing SourceMapDevToolPlugin static/css/stories-Button-stories.4a867eda.chunk.css generate SourceMap
<s> [webpack.Progress] 92% sealing asset processing SourceMapDevToolPlugin static/css/stories-Button-stories.4a867eda.chunk.css generated SourceMap
<s> [webpack.Progress] 92% sealing asset processing SourceMapDevToolPlugin stories-Button-stories.88cffc95.iframe.bundle.js generate SourceMap
<s> [webpack.Progress] 92% sealing asset processing SourceMapDevToolPlugin stories-Button-stories.88cffc95.iframe.bundle.js generated SourceMap
<s> [webpack.Progress] 92% sealing asset processing SourceMapDevToolPlugin static/css/stories-Header-stories.395daf4b.chunk.css generate SourceMap
<s> [webpack.Progress] 92% sealing asset processing SourceMapDevToolPlugin static/css/stories-Header-stories.395daf4b.chunk.css generated SourceMap
<s> [webpack.Progress] 92% sealing asset processing SourceMapDevToolPlugin stories-Header-stories.590d27a3.iframe.bundle.js generate SourceMap
<s> [webpack.Progress] 92% sealing asset processing SourceMapDevToolPlugin stories-Header-stories.590d27a3.iframe.bundle.js generated SourceMap
<s> [webpack.Progress] 92% sealing asset processing SourceMapDevToolPlugin static/css/stories-Page-stories.42316900.chunk.css generate SourceMap
<s> [webpack.Progress] 92% sealing asset processing SourceMapDevToolPlugin static/css/stories-Page-stories.42316900.chunk.css generated SourceMap
<s> [webpack.Progress] 92% sealing asset processing SourceMapDevToolPlugin stories-Page-stories.c704a609.iframe.bundle.js generate SourceMap
<s> [webpack.Progress] 92% sealing asset processing SourceMapDevToolPlugin stories-Page-stories.c704a609.iframe.bundle.js generated SourceMap
<s> [webpack.Progress] 92% sealing asset processing SourceMapDevToolPlugin 960.86291b9a.iframe.bundle.js generate SourceMap
<s> [webpack.Progress] 92% sealing asset processing SourceMapDevToolPlugin 960.86291b9a.iframe.bundle.js generated SourceMap
<s> [webpack.Progress] 92% sealing asset processing SourceMapDevToolPlugin 333.0de44f98.iframe.bundle.js generate SourceMap
<s> [webpack.Progress] 92% sealing asset processing SourceMapDevToolPlugin 333.0de44f98.iframe.bundle.js generated SourceMap
<s> [webpack.Progress] 92% sealing asset processing SourceMapDevToolPlugin 58.3025ede9.iframe.bundle.js generate SourceMap
<s> [webpack.Progress] 92% sealing asset processing SourceMapDevToolPlugin 58.3025ede9.iframe.bundle.js generated SourceMap
<s> [webpack.Progress] 92% sealing asset processing SourceMapDevToolPlugin 463.12b5ad84.iframe.bundle.js generate SourceMap
<s> [webpack.Progress] 92% sealing asset processing SourceMapDevToolPlugin 463.12b5ad84.iframe.bundle.js generated SourceMap
<s> [webpack.Progress] 92% sealing asset processing SourceMapDevToolPlugin 661.23f13ed3.iframe.bundle.js generate SourceMap
<s> [webpack.Progress] 92% sealing asset processing SourceMapDevToolPlugin 661.23f13ed3.iframe.bundle.js generated SourceMap
<s> [webpack.Progress] 92% sealing asset processing SourceMapDevToolPlugin 923.7cd70d14.iframe.bundle.js generate SourceMap
<s> [webpack.Progress] 92% sealing asset processing SourceMapDevToolPlugin 923.7cd70d14.iframe.bundle.js generated SourceMap
<s> [webpack.Progress] 92% sealing asset processing SourceMapDevToolPlugin 446.2ce3fa7c.iframe.bundle.js generate SourceMap
<s> [webpack.Progress] 92% sealing asset processing SourceMapDevToolPlugin 446.2ce3fa7c.iframe.bundle.js generated SourceMap
<s> [webpack.Progress] 92% sealing asset processing SourceMapDevToolPlugin 433.c9ae8b43.iframe.bundle.js generate SourceMap
<s> [webpack.Progress] 92% sealing asset processing SourceMapDevToolPlugin 433.c9ae8b43.iframe.bundle.js generated SourceMap
<s> [webpack.Progress] 92% sealing asset processing SourceMapDevToolPlugin 582.8051da58.iframe.bundle.js generate SourceMap
<s> [webpack.Progress] 92% sealing asset processing SourceMapDevToolPlugin 582.8051da58.iframe.bundle.js generated SourceMap
<s> [webpack.Progress] 92% sealing asset processing SourceMapDevToolPlugin 277.1ea2c177.iframe.bundle.js generate SourceMap
<s> [webpack.Progress] 92% sealing asset processing SourceMapDevToolPlugin 277.1ea2c177.iframe.bundle.js generated SourceMap
<s> [webpack.Progress] 92% sealing asset processing SourceMapDevToolPlugin 158.ff8b22d9.iframe.bundle.js generate SourceMap
<s> [webpack.Progress] 92% sealing asset processing SourceMapDevToolPlugin 158.ff8b22d9.iframe.bundle.js generated SourceMap
<s> [webpack.Progress] 92% sealing asset processing SourceMapDevToolPlugin resolve sources
<s> [webpack.Progress] 92% sealing asset processing SourceMapDevToolPlugin static/css/stories-Button-stories.4a867eda.chunk.css attach SourceMap
<s> [webpack.Progress] 92% sealing asset processing SourceMapDevToolPlugin static/css/stories-Button-stories.4a867eda.chunk.css attached SourceMap
<s> [webpack.Progress] 92% sealing asset processing SourceMapDevToolPlugin static/css/stories-Header-stories.395daf4b.chunk.css attach SourceMap
<s> [webpack.Progress] 92% sealing asset processing SourceMapDevToolPlugin static/css/stories-Header-stories.395daf4b.chunk.css attached SourceMap
<s> [webpack.Progress] 92% sealing asset processing SourceMapDevToolPlugin static/css/stories-Page-stories.42316900.chunk.css attach SourceMap
<s> [webpack.Progress] 92% sealing asset processing SourceMapDevToolPlugin static/css/stories-Page-stories.42316900.chunk.css attached SourceMap
<s> [webpack.Progress] 92% sealing asset processing SourceMapDevToolPlugin 463.12b5ad84.iframe.bundle.js attach SourceMap
<s> [webpack.Progress] 92% sealing asset processing SourceMapDevToolPlugin 463.12b5ad84.iframe.bundle.js attached SourceMap
<s> [webpack.Progress] 92% sealing asset processing SourceMapDevToolPlugin 582.8051da58.iframe.bundle.js attach SourceMap
<s> [webpack.Progress] 92% sealing asset processing SourceMapDevToolPlugin 582.8051da58.iframe.bundle.js attached SourceMap
<s> [webpack.Progress] 92% sealing asset processing SourceMapDevToolPlugin 158.ff8b22d9.iframe.bundle.js attach SourceMap
<s> [webpack.Progress] 92% sealing asset processing SourceMapDevToolPlugin 158.ff8b22d9.iframe.bundle.js attached SourceMap
<s> [webpack.Progress] 92% sealing asset processing SourceMapDevToolPlugin
<s> [webpack.Progress] 92% sealing asset processing SourceMapDevToolPlugin
<s> [webpack.Progress] 92% sealing asset processing SourceMapDevToolPlugin resolve sources
<s> [webpack.Progress] 92% sealing asset processing SourceMapDevToolPlugin
<s> [webpack.Progress] 92% sealing asset processing HtmlWebpackPlugin
<s> [webpack.Progress] 92% sealing asset processing HtmlWebpackPlugin
<s> [webpack.Progress] 92% sealing asset processing HtmlWebpackPlugin resolve sources
<s> [webpack.Progress] 92% sealing asset processing HtmlWebpackPlugin
<s> [webpack.Progress] 92% sealing asset processing RealContentHashPlugin
<s> [webpack.Progress] 92% sealing asset processing RealContentHashPlugin
<s> [webpack.Progress] 92% sealing asset processing RealContentHashPlugin main.cccff77c.iframe.bundle.js generate SourceMap
<s> [webpack.Progress] 92% sealing asset processing RealContentHashPlugin main.cccff77c.iframe.bundle.js generated SourceMap
<s> [webpack.Progress] 92% sealing asset processing RealContentHashPlugin runtime~main.79bf3a84.iframe.bundle.js generate SourceMap
<s> [webpack.Progress] 92% sealing asset processing RealContentHashPlugin runtime~main.79bf3a84.iframe.bundle.js generated SourceMap
<s> [webpack.Progress] 92% sealing asset processing RealContentHashPlugin stories-Page-stories.d842dd2f.iframe.bundle.js generate SourceMap
<s> [webpack.Progress] 92% sealing asset processing RealContentHashPlugin stories-Page-stories.d842dd2f.iframe.bundle.js generated SourceMap
<s> [webpack.Progress] 92% sealing asset processing RealContentHashPlugin 960.80f4f811.iframe.bundle.js generate SourceMap
<s> [webpack.Progress] 92% sealing asset processing RealContentHashPlugin 960.80f4f811.iframe.bundle.js generated SourceMap
<s> [webpack.Progress] 92% sealing asset processing RealContentHashPlugin 333.41d975db.iframe.bundle.js generate SourceMap
<s> [webpack.Progress] 92% sealing asset processing RealContentHashPlugin 333.41d975db.iframe.bundle.js generated SourceMap
<s> [webpack.Progress] 92% sealing asset processing RealContentHashPlugin 58.3a9c8988.iframe.bundle.js generate SourceMap
<s> [webpack.Progress] 92% sealing asset processing RealContentHashPlugin 58.3a9c8988.iframe.bundle.js generated SourceMap
<s> [webpack.Progress] 92% sealing asset processing RealContentHashPlugin 661.d3a59edf.iframe.bundle.js generate SourceMap
<s> [webpack.Progress] 92% sealing asset processing RealContentHashPlugin 661.d3a59edf.iframe.bundle.js generated SourceMap
<s> [webpack.Progress] 92% sealing asset processing RealContentHashPlugin 923.f1d0f149.iframe.bundle.js generate SourceMap
<s> [webpack.Progress] 92% sealing asset processing RealContentHashPlugin 923.f1d0f149.iframe.bundle.js generated SourceMap
<s> [webpack.Progress] 92% sealing asset processing RealContentHashPlugin 446.5b43444a.iframe.bundle.js generate SourceMap
<s> [webpack.Progress] 92% sealing asset processing RealContentHashPlugin 446.5b43444a.iframe.bundle.js generated SourceMap
<s> [webpack.Progress] 92% sealing asset processing RealContentHashPlugin 433.4fe76ed1.iframe.bundle.js generate SourceMap
<s> [webpack.Progress] 92% sealing asset processing RealContentHashPlugin 433.4fe76ed1.iframe.bundle.js generated SourceMap
<s> [webpack.Progress] 92% sealing asset processing RealContentHashPlugin stories-Introduction-mdx.fdebea69.iframe.bundle.js generate SourceMap
<s> [webpack.Progress] 92% sealing asset processing RealContentHashPlugin stories-Introduction-mdx.fdebea69.iframe.bundle.js generated SourceMap
<s> [webpack.Progress] 92% sealing asset processing RealContentHashPlugin stories-Button-stories.eade989a.iframe.bundle.js generate SourceMap
<s> [webpack.Progress] 92% sealing asset processing RealContentHashPlugin stories-Button-stories.eade989a.iframe.bundle.js generated SourceMap
<s> [webpack.Progress] 92% sealing asset processing RealContentHashPlugin stories-Header-stories.eb293f4f.iframe.bundle.js generate SourceMap
<s> [webpack.Progress] 92% sealing asset processing RealContentHashPlugin stories-Header-stories.eb293f4f.iframe.bundle.js generated SourceMap
<s> [webpack.Progress] 92% sealing asset processing RealContentHashPlugin 277.d0c18347.iframe.bundle.js generate SourceMap
<s> [webpack.Progress] 92% sealing asset processing RealContentHashPlugin 277.d0c18347.iframe.bundle.js generated SourceMap
<s> [webpack.Progress] 92% sealing asset processing RealContentHashPlugin resolve sources
<s> [webpack.Progress] 92% sealing asset processing RealContentHashPlugin
<s> [webpack.Progress] 92% sealing asset processing
<s> [webpack.Progress] 93% sealing after asset optimization
<s> [webpack.Progress] 93% sealing after asset optimization
<s> [webpack.Progress] 93% sealing recording
<s> [webpack.Progress] 93% sealing recording
<s> [webpack.Progress] 94% sealing after seal
<s> [webpack.Progress] 94% sealing after seal
<s> [webpack.Progress] 99% done plugins
<s> [webpack.Progress] 99% done plugins CaseSensitivePathsPlugin
<s> [webpack.Progress] 99% done plugins
<s> [webpack.Progress] 99% 

<s> [webpack.Progress] 99% cache begin idle
<s> [webpack.Progress] 99% cache begin idle
<s> [webpack.Progress] 100% 

ERR! => Failed to build the preview
ERR! [eslint] 
ERR! src/stories/Button.jsx
ERR!   Line 1:19:   Replace `"react";` with `'react'`                                                 prettier/prettier
ERR!   Line 1:19:   Strings must use singlequote                                                      quotes
ERR!   Line 2:1:    'prop-types' should be listed in the project's dependencies, not devDependencies  import/no-extraneous-dependencies
ERR!   Line 2:23:   Replace `"prop-types";` with `'prop-types'`                                       prettier/prettier
ERR!   Line 2:23:   Strings must use singlequote                                                      quotes
ERR!   Line 3:8:    Replace `"./button.css";` with `'./button.css'`                                   prettier/prettier
ERR!   Line 3:8:    Strings must use singlequote                                                      quotes
ERR!   Line 8:23:   Function component is not a function declaration                                  react/function-component-definition
ERR!   Line 10:7:   Replace `"storybook-button--primary"` with `'storybook-button--primary'`          prettier/prettier
ERR!   Line 10:7:   Strings must use singlequote                                                      quotes
ERR!   Line 11:7:   Replace `"storybook-button--secondary";` with `'storybook-button--secondary'`     prettier/prettier
ERR!   Line 11:7:   Strings must use singlequote                                                      quotes
ERR!   Line 15:19:  Replace `"storybook-button"` with `'storybook-button'`                            prettier/prettier
ERR!   Line 15:19:  Strings must use singlequote                                                      quotes
ERR!   Line 16:9:   Replace `"·"` with `'·',`                                                         prettier/prettier
ERR!   Line 16:9:   Strings must use singlequote                                                      quotes
ERR!   Line 23:4:   Delete `;`                                                                        prettier/prettier
ERR!   Line 24:2:   Delete `;`                                                                        prettier/prettier
ERR!   Line 38:26:  Replace `"small",·"medium",·"large"` with `'small',·'medium',·'large'`            prettier/prettier
ERR!   Line 38:26:  Strings must use singlequote                                                      quotes
ERR!   Line 38:35:  Strings must use singlequote                                                      quotes
ERR!   Line 38:45:  Strings must use singlequote                                                      quotes
ERR!   Line 47:2:   Delete `;`                                                                        prettier/prettier
ERR!   Line 52:9:   Replace `"medium"` with `'medium'`                                                prettier/prettier
ERR!   Line 52:9:   Strings must use singlequote                                                      quotes
ERR!   Line 54:2:   Delete `;`                                                                        prettier/prettier
ERR! 
ERR! src/stories/Header.jsx
ERR!   Line 1:19:  Replace `"react";` with `'react'`                                                 prettier/prettier
ERR!   Line 1:19:  Strings must use singlequote                                                      quotes
ERR!   Line 2:1:   'prop-types' should be listed in the project's dependencies, not devDependencies  import/no-extraneous-dependencies
ERR!   Line 2:23:  Replace `"prop-types";` with `'prop-types'`                                       prettier/prettier
ERR!   Line 2:23:  Strings must use singlequote                                                      quotes
ERR!   Line 4:24:  Replace `"./Button";` with `'./Button'`                                           prettier/prettier
ERR!   Line 4:24:  Strings must use singlequote                                                      quotes
ERR!   Line 5:8:   Replace `"./header.css";` with `'./header.css'`                                   prettier/prettier
ERR!   Line 5:8:   Strings must use singlequote                                                      quotes
ERR!   Line 7:23:  Function component is not a function declaration                                  react/function-component-definition
ERR!   Line 56:2:  Delete `;`                                                                        prettier/prettier
ERR!   Line 65:2:  Delete `;`                                                                        prettier/prettier
ERR!   Line 69:2:  Delete `;`                                                                        prettier/prettier
ERR! 
ERR! src/stories/Page.jsx
ERR!   Line 1:19:   Replace `"react";` with `'react'`                                prettier/prettier
ERR!   Line 1:19:   Strings must use singlequote                                     quotes
ERR!   Line 3:24:   Replace `"./Header";` with `'./Header'`                          prettier/prettier
ERR!   Line 3:24:   Strings must use singlequote                                     quotes
ERR!   Line 4:8:    Replace `"./page.css";` with `'./page.css'`                      prettier/prettier
ERR!   Line 4:8:    Strings must use singlequote                                     quotes
ERR!   Line 6:21:   Function component is not a function declaration                 react/function-component-definition
ERR!   Line 7:43:   Delete `;`                                                       prettier/prettier
ERR!   Line 13:40:  Replace `"Jane·Doe"` with `'Jane·Doe'`                           prettier/prettier
ERR!   Line 13:40:  Strings must use singlequote                                     quotes
ERR!   Line 15:48:  Replace `"Jane·Doe"` with `'Jane·Doe'`                           prettier/prettier
ERR!   Line 15:48:  Strings must use singlequote                                     quotes
ERR!   Line 21:44:  Replace `"·"` with `'·'`                                         prettier/prettier
ERR!   Line 21:44:  Strings must use singlequote                                     quotes
ERR!   Line 28:16:  Replace `"·"` with `'·'`                                         prettier/prettier
ERR!   Line 28:16:  Strings must use singlequote                                     quotes
ERR!   Line 39:32:  `"` can be escaped with `&quot;`, `&ldquo;`, `&#34;`, `&rdquo;`  react/no-unescaped-entities
ERR!   Line 39:37:  `"` can be escaped with `&quot;`, `&ldquo;`, `&#34;`, `&rdquo;`  react/no-unescaped-entities
ERR!   Line 47:68:  Replace `"·"` with `'·'`                                         prettier/prettier
ERR!   Line 47:68:  Strings must use singlequote                                     quotes
ERR!   Line 55:30:  Replace `"·"` with `'·'`                                         prettier/prettier
ERR!   Line 55:30:  Strings must use singlequote                                     quotes
ERR!   Line 67:15:  Replace `"·"` with `'·'`                                         prettier/prettier
ERR!   Line 67:15:  Strings must use singlequote                                     quotes
ERR!   Line 86:4:   Delete `;`                                                       prettier/prettier
ERR!   Line 87:2:   Delete `;`                                                       prettier/prettier
ERR! 
ERR! Search for the keywords to learn more about each error.
ERR! Critical dependency: require function is used in a way in which dependencies cannot be statically extracted
ERR! Critical dependency: require function is used in a way in which dependencies cannot be statically extracted
ERR! Critical dependency: require function is used in a way in which dependencies cannot be statically extracted
ERR! Critical dependency: require function is used in a way in which dependencies cannot be statically extracted
<s> [webpack.Progress] 99% cache shutdown
<s> [webpack.Progress] 99% cache shutdown
<s> [webpack.Progress] 100% 

ERR! Error: => Webpack failed, learn more with --debug-webpack
ERR!     at /Users/des/Documents/anydayessay/npx/node_modules/@storybook/builder-webpack5/dist/index.js:113:210
ERR!     at /Users/des/Documents/anydayessay/npx/node_modules/webpack/lib/HookWebpackError.js:40:5
ERR!     at Hook.eval [as callAsync] (eval at create (/Users/des/Documents/anydayessay/npx/node_modules/tapable/lib/HookCodeFactory.js:28:14), <anonymous>:11:1)
ERR!     at Hook.CALL_ASYNC_DELEGATE [as _callAsync] (/Users/des/Documents/anydayessay/npx/node_modules/tapable/lib/Hook.js:15:15)
ERR!     at Cache.shutdown (/Users/des/Documents/anydayessay/npx/node_modules/webpack/lib/Cache.js:116:25)
ERR!     at /Users/des/Documents/anydayessay/npx/node_modules/webpack/lib/Compiler.js:977:18
ERR!     at Hook.eval [as callAsync] (eval at create (/Users/des/Documents/anydayessay/npx/node_modules/tapable/lib/HookCodeFactory.js:28:14), <anonymous>:6:1)
ERR!     at Hook.CALL_ASYNC_DELEGATE [as _callAsync] (/Users/des/Documents/anydayessay/npx/node_modules/tapable/lib/Hook.js:15:15)
ERR!     at Compiler.close (/Users/des/Documents/anydayessay/npx/node_modules/webpack/lib/Compiler.js:972:25)
ERR!     at /Users/des/Documents/anydayessay/npx/node_modules/@storybook/builder-webpack5/dist/index.js:113:156
ERR!     at finalCallback (/Users/des/Documents/anydayessay/npx/node_modules/webpack/lib/Compiler.js:318:9)
ERR!     at /Users/des/Documents/anydayessay/npx/node_modules/webpack/lib/Compiler.js:333:18
ERR!     at Hook.eval [as callAsync] (eval at create (/Users/des/Documents/anydayessay/npx/node_modules/tapable/lib/HookCodeFactory.js:28:14), <anonymous>:23:1)
ERR!     at Hook.CALL_ASYNC_DELEGATE [as _callAsync] (/Users/des/Documents/anydayessay/npx/node_modules/tapable/lib/Hook.js:15:15)
ERR!     at onCompiled (/Users/des/Documents/anydayessay/npx/node_modules/webpack/lib/Compiler.js:330:25)
ERR!     at /Users/des/Documents/anydayessay/npx/node_modules/webpack/lib/Compiler.js:952:26
ERR!     at eval (eval at create (/Users/des/Documents/anydayessay/npx/node_modules/tapable/lib/HookCodeFactory.js:28:14), <anonymous>:13:1)
ERR!     at processTicksAndRejections (node:internal/process/task_queues:96:5)
ERR!  Error: => Webpack failed, learn more with --debug-webpack
ERR!     at /Users/des/Documents/anydayessay/npx/node_modules/@storybook/builder-webpack5/dist/index.js:113:210
ERR!     at /Users/des/Documents/anydayessay/npx/node_modules/webpack/lib/HookWebpackError.js:40:5
ERR!     at Hook.eval [as callAsync] (eval at create (/Users/des/Documents/anydayessay/npx/node_modules/tapable/lib/HookCodeFactory.js:28:14), <anonymous>:11:1)
ERR!     at Hook.CALL_ASYNC_DELEGATE [as _callAsync] (/Users/des/Documents/anydayessay/npx/node_modules/tapable/lib/Hook.js:15:15)
ERR!     at Cache.shutdown (/Users/des/Documents/anydayessay/npx/node_modules/webpack/lib/Cache.js:116:25)
ERR!     at /Users/des/Documents/anydayessay/npx/node_modules/webpack/lib/Compiler.js:977:18
ERR!     at Hook.eval [as callAsync] (eval at create (/Users/des/Documents/anydayessay/npx/node_modules/tapable/lib/HookCodeFactory.js:28:14), <anonymous>:6:1)
ERR!     at Hook.CALL_ASYNC_DELEGATE [as _callAsync] (/Users/des/Documents/anydayessay/npx/node_modules/tapable/lib/Hook.js:15:15)
ERR!     at Compiler.close (/Users/des/Documents/anydayessay/npx/node_modules/webpack/lib/Compiler.js:972:25)
ERR!     at /Users/des/Documents/anydayessay/npx/node_modules/@storybook/builder-webpack5/dist/index.js:113:156
ERR!     at finalCallback (/Users/des/Documents/anydayessay/npx/node_modules/webpack/lib/Compiler.js:318:9)
ERR!     at /Users/des/Documents/anydayessay/npx/node_modules/webpack/lib/Compiler.js:333:18
ERR!     at Hook.eval [as callAsync] (eval at create (/Users/des/Documents/anydayessay/npx/node_modules/tapable/lib/HookCodeFactory.js:28:14), <anonymous>:23:1)
ERR!     at Hook.CALL_ASYNC_DELEGATE [as _callAsync] (/Users/des/Documents/anydayessay/npx/node_modules/tapable/lib/Hook.js:15:15)
ERR!     at onCompiled (/Users/des/Documents/anydayessay/npx/node_modules/webpack/lib/Compiler.js:330:25)
ERR!     at /Users/des/Documents/anydayessay/npx/node_modules/webpack/lib/Compiler.js:952:26
ERR!     at eval (eval at create (/Users/des/Documents/anydayessay/npx/node_modules/tapable/lib/HookCodeFactory.js:28:14), <anonymous>:13:1)
ERR!     at processTicksAndRejections (node:internal/process/task_queues:96:5)
